"C:/Users/alumne/Documents/GitHub/HeroesOfTime/BowAndArrow/BowAndArrow.uproject" 1
"../../../Engine/Plugins/2D/Paper2D/Paper2D.uplugin" 2
"../../../Engine/Plugins/Blendables/LightPropagationVolume/LightPropagationVolume.uplugin" 3
"../../../Engine/Plugins/Developer/BlankPlugin/BlankPlugin.uplugin" 4
"../../../Engine/Plugins/Developer/CodeLiteSourceCodeAccess/CodeLiteSourceCodeAccess.uplugin" 5
"../../../Engine/Plugins/Developer/GitSourceControl/GitSourceControl.uplugin" 6
"../../../Engine/Plugins/Developer/KDevelopSourceCodeAccess/KDevelopSourceCodeAccess.uplugin" 7
"../../../Engine/Plugins/Developer/NullSourceCodeAccess/NullSourceCodeAccess.uplugin" 8
"../../../Engine/Plugins/Developer/OneSkyLocalizationService/OneSkyLocalizationService.uplugin" 9
"../../../Engine/Plugins/Developer/PerforceSourceControl/PerforceSourceControl.uplugin" 10
"../../../Engine/Plugins/Developer/SubversionSourceControl/SubversionSourceControl.uplugin" 11
"../../../Engine/Plugins/Developer/UObjectPlugin/UObjectPlugin.uplugin" 12
"../../../Engine/Plugins/Developer/VisualStudioSourceCodeAccess/VisualStudioSourceCodeAccess.uplugin" 13
"../../../Engine/Plugins/Developer/XCodeSourceCodeAccess/XCodeSourceCodeAccess.uplugin" 14
"../../../Engine/Plugins/Editor/EpicSurvey/EpicSurvey.uplugin" 15
"../../../Engine/Plugins/Editor/MacGraphicsSwitching/MacGraphicsSwitching.uplugin" 16
"../../../Engine/Plugins/Editor/PluginBrowser/PluginBrowser.uplugin" 17
"../../../Engine/Plugins/Editor/SpeedTreeImporter/SpeedTreeImporter.uplugin" 18
"../../../Engine/Plugins/Editor/SuperSearchEditor/SuperSearchEditor.uplugin" 19
"../../../Engine/Plugins/Experimental/BlueprintStats/BlueprintStats.uplugin" 20
"../../../Engine/Plugins/Experimental/CharacterAI/CharacterAI.uplugin" 21
"../../../Engine/Plugins/Experimental/CodeEditor/CodeEditor.uplugin" 22
"../../../Engine/Plugins/Experimental/CodeView/CodeView.uplugin" 23
"../../../Engine/Plugins/Experimental/HTML5Networking/HTML5Networking.uplugin" 24
"../../../Engine/Plugins/Experimental/LiveEditor/LiveEditor.uplugin" 25
"../../../Engine/Plugins/Experimental/OSVR/OSVR.uplugin" 26
"../../../Engine/Plugins/Experimental/Phya/Phya.uplugin" 27
"../../../Engine/Plugins/Experimental/SignificanceManager/SignificanceManager.uplugin" 28
"../../../Engine/Plugins/Experimental/SimpleHMD/SimpleHMD.uplugin" 29
"../../../Engine/Plugins/Experimental/StereoPanorama/StereoPanorama.uplugin" 30
"../../../Engine/Plugins/Experimental/StructBox/StructBox.uplugin" 31
"../../../Engine/Plugins/Media/AndroidMedia/AndroidMedia.uplugin" 32
"../../../Engine/Plugins/Media/AvfMedia/AvfMedia.uplugin" 33
"../../../Engine/Plugins/Media/MediaPlayerEditor/MediaPlayerEditor.uplugin" 34
"../../../Engine/Plugins/Media/WmfMedia/WmfMedia.uplugin" 35
"../../../Engine/Plugins/Messaging/MessagingDebugger/MessagingDebugger.uplugin" 36
"../../../Engine/Plugins/Messaging/UdpMessaging/UdpMessaging.uplugin" 37
"../../../Engine/Plugins/MovieScene/LevelSequenceEditor/LevelSequenceEditor.uplugin" 38
"../../../Engine/Plugins/MovieScene/MatineeToLevelSequence/MatineeToLevelSequence.uplugin" 39
"../../../Engine/Plugins/NetcodeUnitTest/NetcodeUnitTest/NetcodeUnitTest.uplugin" 40
"../../../Engine/Plugins/NetcodeUnitTest/NUTUnrealEngine4/NUTUnrealEngine4.uplugin" 41
"../../../Engine/Plugins/Runtime/Advertising/IOSTapJoy/IOSTapJoy.uplugin" 42
"../../../Engine/Plugins/Runtime/Analytics/AnalyticsBlueprintLibrary/AnalyticsBlueprintLibrary.uplugin" 43
"../../../Engine/Plugins/Runtime/Analytics/AnalyticsMulticast/AnalyticsMulticast.uplugin" 44
"../../../Engine/Plugins/Runtime/Analytics/Apsalar/Apsalar.uplugin" 45
"../../../Engine/Plugins/Runtime/Analytics/FileLogging/FileLogging.uplugin" 46
"../../../Engine/Plugins/Runtime/Analytics/Flurry/Flurry.uplugin" 47
"../../../Engine/Plugins/Runtime/AndroidDeviceProfileSelector/AndroidDeviceProfileSelector.uplugin" 48
"../../../Engine/Plugins/Runtime/AndroidMoviePlayer/AndroidMoviePlayer.uplugin" 49
"../../../Engine/Plugins/Runtime/AppleMoviePlayer/AppleMoviePlayer.uplugin" 50
"../../../Engine/Plugins/Runtime/ArchVisCharacter/ArchVisCharacter.uplugin" 51
"../../../Engine/Plugins/Runtime/CableComponent/CableComponent.uplugin" 52
"../../../Engine/Plugins/Runtime/CustomMeshComponent/CustomMeshComponent.uplugin" 53
"../../../Engine/Plugins/Runtime/ExampleDeviceProfileSelector/ExampleDeviceProfileSelector.uplugin" 54
"../../../Engine/Plugins/Runtime/GearVR/GearVR.uplugin" 55
"../../../Engine/Plugins/Runtime/GoogleVR/GoogleVRController/GoogleVRController.uplugin" 56
"../../../Engine/Plugins/Runtime/GoogleVR/GoogleVRHMD/GoogleVRHMD.uplugin" 57
"../../../Engine/Plugins/Runtime/IOSDeviceProfileSelector/IOSDeviceProfileSelector.uplugin" 58
"../../../Engine/Plugins/Runtime/LeapMotion/LeapMotion.uplugin" 59
"../../../Engine/Plugins/Runtime/LinuxDeviceProfileSelector/LinuxDeviceProfileSelector.uplugin" 60
"../../../Engine/Plugins/Runtime/LiveEditorListenServer/LiveEditorListenServer.uplugin" 61
"../../../Engine/Plugins/Runtime/OculusAudio/OculusAudio.uplugin" 62
"../../../Engine/Plugins/Runtime/OculusInput/OculusInput.uplugin" 63
"../../../Engine/Plugins/Runtime/OculusLibrary/OculusLibrary.uplugin" 64
"../../../Engine/Plugins/Runtime/OculusRift/OculusRift.uplugin" 65
"../../../Engine/Plugins/Runtime/PacketHandlers/CompressionComponents/Oodle/Oodle.uplugin" 66
"../../../Engine/Plugins/Runtime/ProceduralMeshComponent/ProceduralMeshComponent.uplugin" 67
"../../../Engine/Plugins/Runtime/SoundMod/SoundMod.uplugin" 68
"../../../Engine/Plugins/Runtime/SoundVisualizations/SoundVisualizations.uplugin" 69
"../../../Engine/Plugins/Runtime/Steam/SteamController/SteamController.uplugin" 70
"../../../Engine/Plugins/Runtime/Steam/SteamVR/SteamVR.uplugin" 71
"../../../Engine/Plugins/Runtime/WebBrowserWidget/WebBrowserWidget.uplugin" 72
"../../../Engine/Plugins/Runtime/WindowsDeviceProfileSelector/WindowsDeviceProfileSelector.uplugin" 73
"../../../Engine/Plugins/Runtime/WindowsMoviePlayer/WindowsMoviePlayer.uplugin" 74
"../../../Engine/Plugins/ScriptPlugin/ScriptPlugin.uplugin" 75
"../../../Engine/Plugins/Slate/SlateRemote/SlateRemote.uplugin" 76
"..\..\..\Engine\Content\Internationalization\icudt53l\cnvalias.icu" 77
"..\..\..\Engine\Content\Internationalization\icudt53l\res_index.res" 78
"..\..\..\Engine\Content\Internationalization\icudt53l\en_US_POSIX.res" 79
"..\..\..\Engine\Content\Internationalization\icudt53l\pool.res" 80
"..\..\..\Engine\Content\Internationalization\icudt53l\en_US.res" 81
"..\..\..\Engine\Content\Internationalization\icudt53l\en.res" 82
"..\..\..\Engine\Content\Internationalization\icudt53l\root.res" 83
"..\..\..\Engine\Content\Internationalization\icudt53l\lang\en.res" 84
"..\..\..\Engine\Content\Internationalization\icudt53l\lang\pool.res" 85
"..\..\..\Engine\Content\Internationalization\icudt53l\lang\root.res" 86
"..\..\..\Engine\Content\Internationalization\icudt53l\region\en.res" 87
"..\..\..\Engine\Content\Internationalization\icudt53l\region\pool.res" 88
"..\..\..\Engine\Content\Internationalization\icudt53l\region\root.res" 89
"C:/Users/alumne/AppData/Local/UnrealEngine/4.12/Saved/Config/Windows/Manifest.ini" 90
"../../../Engine/Config/Base.ini" 91
"../../../Engine/Config/BaseEngine.ini" 92
"C:/Users/alumne/Documents/GitHub/HeroesOfTime/BowAndArrow/Config/DefaultEngine.ini" 93
"../../../Engine/Config/Windows/WindowsEngine.ini" 94
"C:/Users/alumne/Documents/GitHub/HeroesOfTime/BowAndArrow/Saved/Config/Windows/Engine.ini" 95
"../../../../../../Users/alumne/Documents/GitHub/HeroesOfTime/BowAndArrow/Intermediate/Config/CoalescedSourceConfigs/Engine.ini" 96
"../../../Engine/Config/BaseGame.ini" 97
"C:/Users/alumne/Documents/GitHub/HeroesOfTime/BowAndArrow/Config/DefaultGame.ini" 98
"C:/Users/alumne/Documents/GitHub/HeroesOfTime/BowAndArrow/Saved/Config/Windows/Game.ini" 99
"../../../../../../Users/alumne/Documents/GitHub/HeroesOfTime/BowAndArrow/Intermediate/Config/CoalescedSourceConfigs/Game.ini" 100
"../../../Engine/Config/BaseInput.ini" 101
"C:/Users/alumne/Documents/GitHub/HeroesOfTime/BowAndArrow/Config/DefaultInput.ini" 102
"C:/Users/alumne/Documents/GitHub/HeroesOfTime/BowAndArrow/Saved/Config/Windows/Input.ini" 103
"../../../../../../Users/alumne/Documents/GitHub/HeroesOfTime/BowAndArrow/Intermediate/Config/CoalescedSourceConfigs/Input.ini" 104
"../../../Engine/Config/BaseEditor.ini" 105
"C:/Users/alumne/Documents/GitHub/HeroesOfTime/BowAndArrow/Config/DefaultEditor.ini" 106
"C:/Users/alumne/Documents/GitHub/HeroesOfTime/BowAndArrow/Saved/Config/Windows/Editor.ini" 107
"../../../../../../Users/alumne/Documents/GitHub/HeroesOfTime/BowAndArrow/Intermediate/Config/CoalescedSourceConfigs/Editor.ini" 108
"../../../Engine/Config/BaseEditorPerProjectUserSettings.ini" 109
"C:/Users/alumne/Documents/GitHub/HeroesOfTime/BowAndArrow/Saved/Config/Windows/EditorPerProjectUserSettings.ini" 110
"../../../../../../Users/alumne/Documents/GitHub/HeroesOfTime/BowAndArrow/Intermediate/Config/CoalescedSourceConfigs/EditorPerProjectUserSettings.ini" 111
"../../../Engine/Config/BaseEditorSettings.ini" 112
"C:/Users/alumne/AppData/Local/UnrealEngine/4.12/Saved/Config/Windows/EditorSettings.ini" 113
"../../../../../../Users/alumne/Documents/GitHub/HeroesOfTime/BowAndArrow/Intermediate/Config/CoalescedSourceConfigs/EditorSettings.ini" 114
"../../../Engine/Config/BaseEditorLayout.ini" 115
"C:/Users/alumne/AppData/Local/UnrealEngine/4.12/Saved/Config/Windows/EditorLayout.ini" 116
"../../../../../../Users/alumne/Documents/GitHub/HeroesOfTime/BowAndArrow/Intermediate/Config/CoalescedSourceConfigs/EditorLayout.ini" 117
"../../../Engine/Config/BaseEditorKeyBindings.ini" 118
"C:/Users/alumne/AppData/Local/UnrealEngine/4.12/Saved/Config/Windows/EditorKeyBindings.ini" 119
"../../../../../../Users/alumne/Documents/GitHub/HeroesOfTime/BowAndArrow/Intermediate/Config/CoalescedSourceConfigs/EditorKeyBindings.ini" 120
"../../../Engine/Config/BaseCompat.ini" 121
"C:/Users/alumne/Documents/GitHub/HeroesOfTime/BowAndArrow/Saved/Config/Windows/Compat.ini" 122
"../../../../../../Users/alumne/Documents/GitHub/HeroesOfTime/BowAndArrow/Intermediate/Config/CoalescedSourceConfigs/Compat.ini" 123
"../../../Engine/Config/BaseLightmass.ini" 124
"C:/Users/alumne/Documents/GitHub/HeroesOfTime/BowAndArrow/Saved/Config/Windows/Lightmass.ini" 125
"../../../../../../Users/alumne/Documents/GitHub/HeroesOfTime/BowAndArrow/Intermediate/Config/CoalescedSourceConfigs/Lightmass.ini" 126
"../../../Engine/Config/BaseScalability.ini" 127
"C:/Users/alumne/Documents/GitHub/HeroesOfTime/BowAndArrow/Saved/Config/Windows/Scalability.ini" 128
"../../../../../../Users/alumne/Documents/GitHub/HeroesOfTime/BowAndArrow/Intermediate/Config/CoalescedSourceConfigs/Scalability.ini" 129
"../../../Engine/Config/BaseHardware.ini" 130
"C:/Users/alumne/Documents/GitHub/HeroesOfTime/BowAndArrow/Saved/Config/Windows/Hardware.ini" 131
"../../../../../../Users/alumne/Documents/GitHub/HeroesOfTime/BowAndArrow/Intermediate/Config/CoalescedSourceConfigs/Hardware.ini" 132
"C:/Users/alumne/Documents/GitHub/HeroesOfTime/BowAndArrow/Saved/Config/Windows/GameUserSettings.ini" 133
"../../../../../../Users/alumne/Documents/GitHub/HeroesOfTime/BowAndArrow/Intermediate/Config/CoalescedSourceConfigs/GameUserSettings.ini" 134
"../../../Engine/Config/BaseDeviceProfiles.ini" 135
"C:/Users/alumne/Documents/GitHub/HeroesOfTime/BowAndArrow/Saved/Config/Windows/DeviceProfiles.ini" 136
"../../../../../../Users/alumne/Documents/GitHub/HeroesOfTime/BowAndArrow/Intermediate/Config/CoalescedSourceConfigs/DeviceProfiles.ini" 137
"../../../Engine/Config/ConsoleVariables.ini" 138
"..\..\..\Engine\Content\Internationalization\icudt53l\ar.res" 139
"..\..\..\Engine\Content\Internationalization\icudt53l\lang\ar.res" 140
"..\..\..\Engine\Content\Internationalization\icudt53l\es.res" 141
"..\..\..\Engine\Content\Internationalization\icudt53l\lang\es.res" 142
"..\..\..\Engine\Content\Internationalization\icudt53l\ja.res" 143
"..\..\..\Engine\Content\Internationalization\icudt53l\lang\ja.res" 144
"..\..\..\Engine\Content\Internationalization\icudt53l\ko.res" 145
"..\..\..\Engine\Content\Internationalization\icudt53l\lang\ko.res" 146
"..\..\..\Engine\Content\Internationalization\icudt53l\pt_BR.res" 147
"..\..\..\Engine\Content\Internationalization\icudt53l\pt.res" 148
"..\..\..\Engine\Content\Internationalization\icudt53l\lang\pt.res" 149
"..\..\..\Engine\Content\Internationalization\icudt53l\region\pt.res" 150
"..\..\..\Engine\Content\Internationalization\icudt53l\zh_CN.res" 151
"..\..\..\Engine\Content\Internationalization\icudt53l\zh_Hans_CN.res" 152
"..\..\..\Engine\Content\Internationalization\icudt53l\zh_Hans.res" 153
"..\..\..\Engine\Content\Internationalization\icudt53l\zh.res" 154
"..\..\..\Engine\Content\Internationalization\icudt53l\lang\zh_CN.res" 155
"..\..\..\Engine\Content\Internationalization\icudt53l\lang\zh_Hans_CN.res" 156
"..\..\..\Engine\Content\Internationalization\icudt53l\lang\zh_Hans.res" 157
"..\..\..\Engine\Content\Internationalization\icudt53l\lang\zh.res" 158
"..\..\..\Engine\Content\Internationalization\icudt53l\region\zh_CN.res" 159
"..\..\..\Engine\Content\Internationalization\icudt53l\region\zh_Hans_CN.res" 160
"..\..\..\Engine\Content\Internationalization\icudt53l\region\zh_Hans.res" 161
"..\..\..\Engine\Content\Internationalization\icudt53l\region\zh.res" 162
"C:/Program Files (x86)/Epic Games/4.12/Engine/Content/Localization/Editor/en/Editor.locres" 163
"C:/Program Files (x86)/Epic Games/4.12/Engine/Content/Localization/EditorTutorials/en/EditorTutorials.locres" 164
"C:/Program Files (x86)/Epic Games/4.12/Engine/Content/Localization/Keywords/en/Keywords.locres" 165
"C:/Program Files (x86)/Epic Games/4.12/Engine/Content/Localization/Category/en/Category.locres" 166
"C:/Program Files (x86)/Epic Games/4.12/Engine/Content/Localization/ToolTips/en/ToolTips.locres" 167
"C:/Program Files (x86)/Epic Games/4.12/Engine/Content/Localization/PropertyNames/en/PropertyNames.locres" 168
"C:/Program Files (x86)/Epic Games/4.12/Engine/Content/Localization/Engine/en/Engine.locres" 169
"../../../Engine/Content/Slate/Fonts/Roboto-Regular.ttf" 170
"../../../Engine/Content/Slate/Fonts/DroidSansMono.ttf" 171
"../../../Engine/Content/Slate/Fonts/Roboto-Bold.ttf" 172
"../../../Engine/Content/Slate/Fonts/Roboto-Light.ttf" 173
"C:/Program Files (x86)/Epic Games/4.12/Engine/Binaries/Win64/../../../Engine/Shaders/VectorFieldVisualizationVertexFactory.usf" 174
"C:/Program Files (x86)/Epic Games/4.12/Engine/Binaries/Win64/../../../Engine/Shaders/VertexFactoryCommon.usf" 175
"C:/Program Files (x86)/Epic Games/4.12/Engine/Binaries/Win64/../../../Engine/Shaders/Common.usf" 176
"C:/Program Files (x86)/Epic Games/4.12/Engine/Binaries/Win64/../../../Engine/Shaders/MetalCommon.usf" 177
"C:/Program Files (x86)/Epic Games/4.12/Engine/Binaries/Win64/../../../Engine/Shaders/VulkanCommon.usf" 178
"C:/Program Files (x86)/Epic Games/4.12/Engine/Binaries/Win64/../../../Engine/Shaders/ShaderVersion.usf" 179
"C:/Program Files (x86)/Epic Games/4.12/Engine/Binaries/Win64/../../../Engine/Shaders/CommonViewUniformBuffer.usf" 180
"C:/Program Files (x86)/Epic Games/4.12/Engine/Binaries/Win64/../../../Engine/Shaders/InstancedStereo.usf" 181
"C:/Program Files (x86)/Epic Games/4.12/Engine/Binaries/Win64/../../../Engine/Shaders/Definitions.usf" 182
"C:/Program Files (x86)/Epic Games/4.12/Engine/Binaries/Win64/../../../Engine/Shaders/Random.usf" 183
"C:/Program Files (x86)/Epic Games/4.12/Engine/Binaries/Win64/../../../Engine/Shaders/ParticleSpriteVertexFactory.usf" 184
"C:/Program Files (x86)/Epic Games/4.12/Engine/Binaries/Win64/../../../Engine/Shaders/ParticleVertexFactoryCommon.usf" 185
"C:/Program Files (x86)/Epic Games/4.12/Engine/Binaries/Win64/../../../Engine/Shaders/ParticleGPUSpriteVertexFactory.usf" 186
"C:/Program Files (x86)/Epic Games/4.12/Engine/Binaries/Win64/../../../Engine/Shaders/ParticleBeamTrailVertexFactory.usf" 187
"C:/Program Files (x86)/Epic Games/4.12/Engine/Binaries/Win64/../../../Engine/Shaders/MeshParticleVertexFactory.usf" 188
"C:/Program Files (x86)/Epic Games/4.12/Engine/Binaries/Win64/../../../Engine/Shaders/LocalVertexFactory.usf" 189
"C:/Program Files (x86)/Epic Games/4.12/Engine/Binaries/Win64/../../../Engine/Shaders/LocalVertexFactoryCommon.usf" 190
"C:/Program Files (x86)/Epic Games/4.12/Engine/Binaries/Win64/../../../Engine/Shaders/GpuSkinCommon.usf" 191
"C:/Program Files (x86)/Epic Games/4.12/Engine/Binaries/Win64/../../../Engine/Shaders/GpuSkinVertexFactory.usf" 192
"C:/Program Files (x86)/Epic Games/4.12/Engine/Binaries/Win64/../../../Engine/Shaders/LandscapeVertexFactory.usf" 193
"C:/Program Files (x86)/Epic Games/4.12/Engine/Binaries/Win64/../../../Engine/Shaders/SlateElementPixelShader.usf" 194
"C:/Program Files (x86)/Epic Games/4.12/Engine/Binaries/Win64/../../../Engine/Shaders/GammaCorrectionCommon.usf" 195
"C:/Program Files (x86)/Epic Games/4.12/Engine/Binaries/Win64/../../../Engine/Shaders/SlateShaderCommon.usf" 196
"C:/Program Files (x86)/Epic Games/4.12/Engine/Binaries/Win64/../../../Engine/Shaders/MaterialTemplate.usf" 197
"C:/Program Files (x86)/Epic Games/4.12/Engine/Binaries/Win64/../../../Engine/Shaders/DepthOfFieldCommon.usf" 198
"C:/Program Files (x86)/Epic Games/4.12/Engine/Binaries/Win64/../../../Engine/Shaders/CircleDOFCommon.usf" 199
"C:/Program Files (x86)/Epic Games/4.12/Engine/Binaries/Win64/../../../Engine/Shaders/GlobalDistanceFieldShared.usf" 200
"C:/Program Files (x86)/Epic Games/4.12/Engine/Binaries/Win64/../../../Engine/Shaders/SpeedTreeCommon.usf" 201
"C:/Program Files (x86)/Epic Games/4.12/Engine/Binaries/Win64/../../../Engine/Shaders/MinMaterialTexCoords.usf" 202
"C:/Program Files (x86)/Epic Games/4.12/Engine/Binaries/Win64/../../../Engine/Shaders/AtmosphereCommon.usf" 203
"C:/Program Files (x86)/Epic Games/4.12/Engine/Binaries/Win64/../../../Engine/Shaders/PaniniProjection.usf" 204
"C:/Program Files (x86)/Epic Games/4.12/Engine/Binaries/Win64/../../../Engine/Shaders/EyeAdaptationCommon.usf" 205
"C:/Program Files (x86)/Epic Games/4.12/Engine/Binaries/Win64/../../../Engine/Shaders/PostProcessCommon.usf" 206
"C:/Program Files (x86)/Epic Games/4.12/Engine/Binaries/Win64/../../../Engine/Shaders/DeferredShadingCommon.usf" 207
"C:/Program Files (x86)/Epic Games/4.12/Engine/Binaries/Win64/../../../Engine/Shaders/LightAccumulator.usf" 208
"C:/Program Files (x86)/Epic Games/4.12/Engine/Binaries/Win64/../../../Engine/Shaders/SlateVertexShader.usf" 209
"C:/Program Files (x86)/Epic Games/4.12/Engine/Binaries/Win64/../../../Engine/Shaders/VectorFieldCompositeShaders.usf" 210
"C:/Program Files (x86)/Epic Games/4.12/Engine/Binaries/Win64/../../../Engine/Shaders/UpdateTextureShaders.usf" 211
"C:/Program Files (x86)/Epic Games/4.12/Engine/Binaries/Win64/../../../Engine/Shaders/SimpleElementColorChannelMaskPixelShader.usf" 212
"C:/Program Files (x86)/Epic Games/4.12/Engine/Binaries/Win64/../../../Engine/Shaders/SimpleElementPixelShader.usf" 213
"C:/Program Files (x86)/Epic Games/4.12/Engine/Binaries/Win64/../../../Engine/Shaders/ColorUtils.usf" 214
"C:/Program Files (x86)/Epic Games/4.12/Engine/Binaries/Win64/../../../Engine/Shaders/IESLightProfilesCommon.usf" 215
"C:/Program Files (x86)/Epic Games/4.12/Engine/Binaries/Win64/../../../Engine/Shaders/SimpleElementHitProxyPixelShader.usf" 216
"C:/Program Files (x86)/Epic Games/4.12/Engine/Binaries/Win64/../../../Engine/Shaders/SimpleElementVertexShader.usf" 217
"C:/Program Files (x86)/Epic Games/4.12/Engine/Binaries/Win64/../../../Engine/Shaders/ScreenVertexShader.usf" 218
"C:/Program Files (x86)/Epic Games/4.12/Engine/Binaries/Win64/../../../Engine/Shaders/ScreenPixelShader.usf" 219
"C:/Program Files (x86)/Epic Games/4.12/Engine/Binaries/Win64/../../../Engine/Shaders/ParticleSortKeyGen.usf" 220
"C:/Program Files (x86)/Epic Games/4.12/Engine/Binaries/Win64/../../../Engine/Shaders/ParticleBoundsShader.usf" 221
"C:/Program Files (x86)/Epic Games/4.12/Engine/Binaries/Win64/../../../Engine/Shaders/ParticleSimVisualizeShader.usf" 222
"C:/Program Files (x86)/Epic Games/4.12/Engine/Binaries/Win64/../../../Engine/Shaders/ParticleInjectionShader.usf" 223
"C:/Program Files (x86)/Epic Games/4.12/Engine/Binaries/Win64/../../../Engine/Shaders/ParticleSimulationShader.usf" 224
"C:/Program Files (x86)/Epic Games/4.12/Engine/Binaries/Win64/../../../Engine/Shaders/ParticleCurveInjectionShader.usf" 225
"C:/Program Files (x86)/Epic Games/4.12/Engine/Binaries/Win64/../../../Engine/Shaders/RadixSortShaders.usf" 226
"C:/Program Files (x86)/Epic Games/4.12/Engine/Binaries/Win64/../../../Engine/Shaders/RecomputeTangentsPerVertexPass.usf" 227
"C:/Program Files (x86)/Epic Games/4.12/Engine/Binaries/Win64/../../../Engine/Shaders/RecomputeTangentsCommon.usf" 228
"C:/Program Files (x86)/Epic Games/4.12/Engine/Binaries/Win64/../../../Engine/Shaders/RecomputeTangentsPerTrianglePass.usf" 229
"C:/Program Files (x86)/Epic Games/4.12/Engine/Binaries/Win64/../../../Engine/Shaders/FastMath.usf" 230
"C:/Program Files (x86)/Epic Games/4.12/Engine/Binaries/Win64/../../../Engine/Shaders/GpuSkinCacheComputeShader.usf" 231
"C:/Program Files (x86)/Epic Games/4.12/Engine/Binaries/Win64/../../../Engine/Shaders/NullPixelShader.usf" 232
"C:/Program Files (x86)/Epic Games/4.12/Engine/Binaries/Win64/../../../Engine/Shaders/LandscapeGrassWeight.usf" 233
"C:/Program Files (x86)/Epic Games/4.12/Engine/Binaries/Win64/../../../Engine/Shaders/VertexDensityShader.usf" 234
"C:/Program Files (x86)/Epic Games/4.12/Engine/Binaries/Win64/../../../Engine/Shaders/VelocityShader.usf" 235
"C:/Program Files (x86)/Epic Games/4.12/Engine/Binaries/Win64/../../../Engine/Shaders/VelocityCommon.usf" 236
"C:/Program Files (x86)/Epic Games/4.12/Engine/Binaries/Win64/../../../Engine/Shaders/Tessellation.usf" 237
"C:/Program Files (x86)/Epic Games/4.12/Engine/Binaries/Win64/../../../Engine/Shaders/FlatTessellation.usf" 238
"C:/Program Files (x86)/Epic Games/4.12/Engine/Binaries/Win64/../../../Engine/Shaders/PNTriangles.usf" 239
"C:/Program Files (x86)/Epic Games/4.12/Engine/Binaries/Win64/../../../Engine/Shaders/TranslucentLightingShaders.usf" 240
"C:/Program Files (x86)/Epic Games/4.12/Engine/Binaries/Win64/../../../Engine/Shaders/SHCommon.usf" 241
"C:/Program Files (x86)/Epic Games/4.12/Engine/Binaries/Win64/../../../Engine/Shaders/ShadowProjectionCommon.usf" 242
"C:/Program Files (x86)/Epic Games/4.12/Engine/Binaries/Win64/../../../Engine/Shaders/CubemapCommon.usf" 243
"C:/Program Files (x86)/Epic Games/4.12/Engine/Binaries/Win64/../../../Engine/Shaders/TranslucentLightInjectionShaders.usf" 244
"C:/Program Files (x86)/Epic Games/4.12/Engine/Binaries/Win64/../../../Engine/Shaders/DynamicLightingCommon.usf" 245
"C:/Program Files (x86)/Epic Games/4.12/Engine/Binaries/Win64/../../../Engine/Shaders/LightFunctionCommon.usf" 246
"C:/Program Files (x86)/Epic Games/4.12/Engine/Binaries/Win64/../../../Engine/Shaders/TranslucentShadowDepthShaders.usf" 247
"C:/Program Files (x86)/Epic Games/4.12/Engine/Binaries/Win64/../../../Engine/Shaders/ShadowDepthCommon.usf" 248
"C:/Program Files (x86)/Epic Games/4.12/Engine/Binaries/Win64/../../../Engine/Shaders/TiledDeferredLightShaders.usf" 249
"C:/Program Files (x86)/Epic Games/4.12/Engine/Binaries/Win64/../../../Engine/Shaders/DeferredLightingCommon.usf" 250
"C:/Program Files (x86)/Epic Games/4.12/Engine/Binaries/Win64/../../../Engine/Shaders/BRDF.usf" 251
"C:/Program Files (x86)/Epic Games/4.12/Engine/Binaries/Win64/../../../Engine/Shaders/MonteCarlo.usf" 252
"C:/Program Files (x86)/Epic Games/4.12/Engine/Binaries/Win64/../../../Engine/Shaders/ShadingModels.usf" 253
"C:/Program Files (x86)/Epic Games/4.12/Engine/Binaries/Win64/../../../Engine/Shaders/SurfelTree.usf" 254
"C:/Program Files (x86)/Epic Games/4.12/Engine/Binaries/Win64/../../../Engine/Shaders/DistanceFieldLightingShared.usf" 255
"C:/Program Files (x86)/Epic Games/4.12/Engine/Binaries/Win64/../../../Engine/Shaders/SurfelMaterialShared.usf" 256
"C:/Program Files (x86)/Epic Games/4.12/Engine/Binaries/Win64/../../../Engine/Shaders/DistanceFieldAOShared.usf" 257
"C:/Program Files (x86)/Epic Games/4.12/Engine/Binaries/Win64/../../../Engine/Shaders/ShadowProjectionPixelShader.usf" 258
"C:/Program Files (x86)/Epic Games/4.12/Engine/Binaries/Win64/../../../Engine/Shaders/ShadowFilteringCommon.usf" 259
"C:/Program Files (x86)/Epic Games/4.12/Engine/Binaries/Win64/../../../Engine/Shaders/ShadowProjectionVertexShader.usf" 260
"C:/Program Files (x86)/Epic Games/4.12/Engine/Binaries/Win64/../../../Engine/Shaders/ShadowDepthPixelShader.usf" 261
"C:/Program Files (x86)/Epic Games/4.12/Engine/Binaries/Win64/../../../Engine/Shaders/LPVWriteVplCommon.usf" 262
"C:/Program Files (x86)/Epic Games/4.12/Engine/Binaries/Win64/../../../Engine/Shaders/LPVWriteCommon.usf" 263
"C:/Program Files (x86)/Epic Games/4.12/Engine/Binaries/Win64/../../../Engine/Shaders/LPVCommon.usf" 264
"C:/Program Files (x86)/Epic Games/4.12/Engine/Binaries/Win64/../../../Engine/Shaders/ShadowDepthVertexShader.usf" 265
"C:/Program Files (x86)/Epic Games/4.12/Engine/Binaries/Win64/../../../Engine/Shaders/QuadComplexityAccumulatePixelShader.usf" 266
"C:/Program Files (x86)/Epic Games/4.12/Engine/Binaries/Win64/../../../Engine/Shaders/QuadOverdraw.usf" 267
"C:/Program Files (x86)/Epic Games/4.12/Engine/Binaries/Win64/../../../Engine/Shaders/DebugViewModeCommon.usf" 268
"C:/Program Files (x86)/Epic Games/4.12/Engine/Binaries/Win64/../../../Engine/Shaders/ShaderComplexityAccumulatePixelShader.usf" 269
"C:/Program Files (x86)/Epic Games/4.12/Engine/Binaries/Win64/../../../Engine/Shaders/HZBOcclusion.usf" 270
"C:/Program Files (x86)/Epic Games/4.12/Engine/Binaries/Win64/../../../Engine/Shaders/OcclusionQueryVertexShader.usf" 271
"C:/Program Files (x86)/Epic Games/4.12/Engine/Binaries/Win64/../../../Engine/Shaders/HitProxyPixelShader.usf" 272
"C:/Program Files (x86)/Epic Games/4.12/Engine/Binaries/Win64/../../../Engine/Shaders/HitProxyVertexShader.usf" 273
"C:/Program Files (x86)/Epic Games/4.12/Engine/Binaries/Win64/../../../Engine/Shaders/ReflectionEnvironmentShaders.usf" 274
"C:/Program Files (x86)/Epic Games/4.12/Engine/Binaries/Win64/../../../Engine/Shaders/ReflectionEnvironmentShared.usf" 275
"C:/Program Files (x86)/Epic Games/4.12/Engine/Binaries/Win64/../../../Engine/Shaders/SkyLightingShared.usf" 276
"C:/Program Files (x86)/Epic Games/4.12/Engine/Binaries/Win64/../../../Engine/Shaders/ReflectionEnvironmentComputeShaders.usf" 277
"C:/Program Files (x86)/Epic Games/4.12/Engine/Binaries/Win64/../../../Engine/Shaders/PrimitiveDistanceAccuracyPixelShader.usf" 278
"C:/Program Files (x86)/Epic Games/4.12/Engine/Binaries/Win64/../../../Engine/Shaders/PreCullTriangles.usf" 279
"C:/Program Files (x86)/Epic Games/4.12/Engine/Binaries/Win64/../../../Engine/Shaders/VisualizeTexture.usf" 280
"C:/Program Files (x86)/Epic Games/4.12/Engine/Binaries/Win64/../../../Engine/Shaders/VisualizeShadingModels.usf" 281
"C:/Program Files (x86)/Epic Games/4.12/Engine/Binaries/Win64/../../../Engine/Shaders/PostProcessHistogramCommon.usf" 282
"C:/Program Files (x86)/Epic Games/4.12/Engine/Binaries/Win64/../../../Engine/Shaders/ScreenSpaceReflections.usf" 283
"C:/Program Files (x86)/Epic Games/4.12/Engine/Binaries/Win64/../../../Engine/Shaders/ScreenSpaceRayCast.usf" 284
"C:/Program Files (x86)/Epic Games/4.12/Engine/Binaries/Win64/../../../Engine/Shaders/FilterVertexShader.usf" 285
"C:/Program Files (x86)/Epic Games/4.12/Engine/Binaries/Win64/../../../Engine/Shaders/FilterPixelShader.usf" 286
"C:/Program Files (x86)/Epic Games/4.12/Engine/Binaries/Win64/../../../Engine/Shaders/PostProcessVisualizeHDR.usf" 287
"C:/Program Files (x86)/Epic Games/4.12/Engine/Binaries/Win64/../../../Engine/Shaders/TonemapCommon.usf" 288
"C:/Program Files (x86)/Epic Games/4.12/Engine/Binaries/Win64/../../../Engine/Shaders/ACES.usf" 289
"C:/Program Files (x86)/Epic Games/4.12/Engine/Binaries/Win64/../../../Engine/Shaders/MiniFontCommon.usf" 290
"C:/Program Files (x86)/Epic Games/4.12/Engine/Binaries/Win64/../../../Engine/Shaders/ShaderComplexityApplyPixelShader.usf" 291
"C:/Program Files (x86)/Epic Games/4.12/Engine/Binaries/Win64/../../../Engine/Shaders/PostProcessVisualizeBuffer.usf" 292
"C:/Program Files (x86)/Epic Games/4.12/Engine/Binaries/Win64/../../../Engine/Shaders/PostProcessUpscale.usf" 293
"C:/Program Files (x86)/Epic Games/4.12/Engine/Binaries/Win64/../../../Engine/Shaders/PostProcessTonemap.usf" 294
"C:/Program Files (x86)/Epic Games/4.12/Engine/Binaries/Win64/../../../Engine/Shaders/PostProcessTestImage.usf" 295
"C:/Program Files (x86)/Epic Games/4.12/Engine/Binaries/Win64/../../../Engine/Shaders/PostProcessTemporalAA.usf" 296
"C:/Program Files (x86)/Epic Games/4.12/Engine/Binaries/Win64/../../../Engine/Shaders/PostProcessTemporalCommon.usf" 297
"C:/Program Files (x86)/Epic Games/4.12/Engine/Binaries/Win64/../../../Engine/Shaders/PostProcessSubsurface.usf" 298
"C:/Program Files (x86)/Epic Games/4.12/Engine/Binaries/Win64/../../../Engine/Shaders/SeparableSSS.usf" 299
"C:/Program Files (x86)/Epic Games/4.12/Engine/Binaries/Win64/../../../Engine/Shaders/PostProcessSelectionOutline.usf" 300
"C:/Program Files (x86)/Epic Games/4.12/Engine/Binaries/Win64/../../../Engine/Shaders/PostProcessNoiseBlur.usf" 301
"C:/Program Files (x86)/Epic Games/4.12/Engine/Binaries/Win64/../../../Engine/Shaders/PostProcessMotionBlur.usf" 302
"C:/Program Files (x86)/Epic Games/4.12/Engine/Binaries/Win64/../../../Engine/Shaders/PostProcessVelocityFlatten.usf" 303
"C:/Program Files (x86)/Epic Games/4.12/Engine/Binaries/Win64/../../../Engine/Shaders/PostProcessMobile.usf" 304
"C:/Program Files (x86)/Epic Games/4.12/Engine/Binaries/Win64/../../../Engine/Shaders/PostProcessMaterialShaders.usf" 305
"C:/Program Files (x86)/Epic Games/4.12/Engine/Binaries/Win64/../../../Engine/Shaders/PostProcessLensFlares.usf" 306
"C:/Program Files (x86)/Epic Games/4.12/Engine/Binaries/Win64/../../../Engine/Shaders/PostProcessLensBlur.usf" 307
"C:/Program Files (x86)/Epic Games/4.12/Engine/Binaries/Win64/../../../Engine/Shaders/PostProcessBloom.usf" 308
"C:/Program Files (x86)/Epic Games/4.12/Engine/Binaries/Win64/../../../Engine/Shaders/PostProcessHMD.usf" 309
"C:/Program Files (x86)/Epic Games/4.12/Engine/Binaries/Win64/../../../Engine/Shaders/PostProcessHistogramReduce.usf" 310
"C:/Program Files (x86)/Epic Games/4.12/Engine/Binaries/Win64/../../../Engine/Shaders/PostProcessHistogram.usf" 311
"C:/Program Files (x86)/Epic Games/4.12/Engine/Binaries/Win64/../../../Engine/Shaders/PostProcessHierarchical.usf" 312
"C:/Program Files (x86)/Epic Games/4.12/Engine/Binaries/Win64/../../../Engine/Shaders/PostProcessGBufferHints.usf" 313
"C:/Program Files (x86)/Epic Games/4.12/Engine/Binaries/Win64/../../../Engine/Shaders/PostProcessEyeAdaptation.usf" 314
"C:/Program Files (x86)/Epic Games/4.12/Engine/Binaries/Win64/../../../Engine/Shaders/PostProcessDownsample.usf" 315
"C:/Program Files (x86)/Epic Games/4.12/Engine/Binaries/Win64/../../../Engine/Shaders/PostProcessDOF.usf" 316
"C:/Program Files (x86)/Epic Games/4.12/Engine/Binaries/Win64/../../../Engine/Shaders/PostProcessCompositeEditorPrimitives.usf" 317
"C:/Program Files (x86)/Epic Games/4.12/Engine/Binaries/Win64/../../../Engine/Shaders/PostProcessCombineLUTs.usf" 318
"C:/Program Files (x86)/Epic Games/4.12/Engine/Binaries/Win64/../../../Engine/Shaders/PostProcessCircleDOF.usf" 319
"C:/Program Files (x86)/Epic Games/4.12/Engine/Binaries/Win64/../../../Engine/Shaders/PostProcessBusyWait.usf" 320
"C:/Program Files (x86)/Epic Games/4.12/Engine/Binaries/Win64/../../../Engine/Shaders/PostProcessPassThrough.usf" 321
"C:/Program Files (x86)/Epic Games/4.12/Engine/Binaries/Win64/../../../Engine/Shaders/PostProcessBokehDOF.usf" 322
"C:/Program Files (x86)/Epic Games/4.12/Engine/Binaries/Win64/../../../Engine/Shaders/SeparateTranslucency.usf" 323
"C:/Program Files (x86)/Epic Games/4.12/Engine/Binaries/Win64/../../../Engine/Shaders/PostProcessVisualizeDOF.usf" 324
"C:/Program Files (x86)/Epic Games/4.12/Engine/Binaries/Win64/../../../Engine/Shaders/FXAAShader.usf" 325
"C:/Program Files (x86)/Epic Games/4.12/Engine/Binaries/Win64/../../../Engine/Shaders/Fxaa3_11.usf" 326
"C:/Program Files (x86)/Epic Games/4.12/Engine/Binaries/Win64/../../../Engine/Shaders/PlanarReflectionShaders.usf" 327
"C:/Program Files (x86)/Epic Games/4.12/Engine/Binaries/Win64/../../../Engine/Shaders/PlanarReflectionShared.usf" 328
"C:/Program Files (x86)/Epic Games/4.12/Engine/Binaries/Win64/../../../Engine/Shaders/MeshTexCoordSizeAccuracyPixelShader.usf" 329
"C:/Program Files (x86)/Epic Games/4.12/Engine/Binaries/Win64/../../../Engine/Shaders/MaterialTexCoordScalesPixelShader.usf" 330
"C:/Program Files (x86)/Epic Games/4.12/Engine/Binaries/Win64/../../../Engine/Shaders/LightShaftShader.usf" 331
"C:/Program Files (x86)/Epic Games/4.12/Engine/Binaries/Win64/../../../Engine/Shaders/StationaryLightOverlapShaders.usf" 332
"C:/Program Files (x86)/Epic Games/4.12/Engine/Binaries/Win64/../../../Engine/Shaders/DeferredLightPixelShaders.usf" 333
"C:/Program Files (x86)/Epic Games/4.12/Engine/Binaries/Win64/../../../Engine/Shaders/DeferredLightVertexShaders.usf" 334
"C:/Program Files (x86)/Epic Games/4.12/Engine/Binaries/Win64/../../../Engine/Shaders/LPVVisualise.usf" 335
"C:/Program Files (x86)/Epic Games/4.12/Engine/Binaries/Win64/../../../Engine/Shaders/LPVGeometryVolumeCommon.usf" 336
"C:/Program Files (x86)/Epic Games/4.12/Engine/Binaries/Win64/../../../Engine/Shaders/LPVDirectLightInject.usf" 337
"C:/Program Files (x86)/Epic Games/4.12/Engine/Binaries/Win64/../../../Engine/Shaders/LPVPropagate.usf" 338
"C:/Program Files (x86)/Epic Games/4.12/Engine/Binaries/Win64/../../../Engine/Shaders/LPVPacking.usf" 339
"C:/Program Files (x86)/Epic Games/4.12/Engine/Binaries/Win64/../../../Engine/Shaders/LPVBuildGeometryVolume.usf" 340
"C:/Program Files (x86)/Epic Games/4.12/Engine/Binaries/Win64/../../../Engine/Shaders/LpvDirectionalOcclusion.usf" 341
"C:/Program Files (x86)/Epic Games/4.12/Engine/Binaries/Win64/../../../Engine/Shaders/LPVInject_AccumulateVplLists.usf" 342
"C:/Program Files (x86)/Epic Games/4.12/Engine/Binaries/Win64/../../../Engine/Shaders/LPVInject_GenerateVplLists.usf" 343
"C:/Program Files (x86)/Epic Games/4.12/Engine/Binaries/Win64/../../../Engine/Shaders/LPVClearLists.usf" 344
"C:/Program Files (x86)/Epic Games/4.12/Engine/Binaries/Win64/../../../Engine/Shaders/LPVClear.usf" 345
"C:/Program Files (x86)/Epic Games/4.12/Engine/Binaries/Win64/../../../Engine/Shaders/LightMapDensityShader.usf" 346
"C:/Program Files (x86)/Epic Games/4.12/Engine/Binaries/Win64/../../../Engine/Shaders/LightFunctionPixelShader.usf" 347
"C:/Program Files (x86)/Epic Games/4.12/Engine/Binaries/Win64/../../../Engine/Shaders/LightFunctionVertexShader.usf" 348
"C:/Program Files (x86)/Epic Games/4.12/Engine/Binaries/Win64/../../../Engine/Shaders/HeightfieldLighting.usf" 349
"C:/Program Files (x86)/Epic Games/4.12/Engine/Binaries/Win64/../../../Engine/Shaders/DistanceFieldShadowingShared.usf" 350
"C:/Program Files (x86)/Epic Games/4.12/Engine/Binaries/Win64/../../../Engine/Shaders/HeightfieldLightingShared.usf" 351
"C:/Program Files (x86)/Epic Games/4.12/Engine/Binaries/Win64/../../../Engine/Shaders/HdrCustomResolveShaders.usf" 352
"C:/Program Files (x86)/Epic Games/4.12/Engine/Binaries/Win64/../../../Engine/Shaders/GPUBenchmark.usf" 353
"C:/Program Files (x86)/Epic Games/4.12/Engine/Binaries/Win64/../../../Engine/Shaders/GlobalDistanceField.usf" 354
"C:/Program Files (x86)/Epic Games/4.12/Engine/Binaries/Win64/../../../Engine/Shaders/GammaCorrection.usf" 355
"C:/Program Files (x86)/Epic Games/4.12/Engine/Binaries/Win64/../../../Engine/Shaders/BasePassForForwardShadingPixelShader.usf" 356
"C:/Program Files (x86)/Epic Games/4.12/Engine/Binaries/Win64/../../../Engine/Shaders/BasePassForForwardShadingCommon.usf" 357
"C:/Program Files (x86)/Epic Games/4.12/Engine/Binaries/Win64/../../../Engine/Shaders/LightmapCommon.usf" 358
"C:/Program Files (x86)/Epic Games/4.12/Engine/Binaries/Win64/../../../Engine/Shaders/BasePassForForwardShadingVertexShader.usf" 359
"C:/Program Files (x86)/Epic Games/4.12/Engine/Binaries/Win64/../../../Engine/Shaders/HeightFogCommon.usf" 360
"C:/Program Files (x86)/Epic Games/4.12/Engine/Binaries/Win64/../../../Engine/Shaders/HeightFogPixelShader.usf" 361
"C:/Program Files (x86)/Epic Games/4.12/Engine/Binaries/Win64/../../../Engine/Shaders/HeightFogVertexShader.usf" 362
"C:/Program Files (x86)/Epic Games/4.12/Engine/Binaries/Win64/../../../Engine/Shaders/DistortAccumulatePS.usf" 363
"C:/Program Files (x86)/Epic Games/4.12/Engine/Binaries/Win64/../../../Engine/Shaders/DistortAccumulateVS.usf" 364
"C:/Program Files (x86)/Epic Games/4.12/Engine/Binaries/Win64/../../../Engine/Shaders/DistortApplyScreenPS.usf" 365
"C:/Program Files (x86)/Epic Games/4.12/Engine/Binaries/Win64/../../../Engine/Shaders/DistanceFieldSurfaceCacheLighting.usf" 366
"C:/Program Files (x86)/Epic Games/4.12/Engine/Binaries/Win64/../../../Engine/Shaders/SkyLighting.usf" 367
"C:/Program Files (x86)/Epic Games/4.12/Engine/Binaries/Win64/../../../Engine/Shaders/DistanceFieldSurfaceCacheLightingCompute.usf" 368
"C:/Program Files (x86)/Epic Games/4.12/Engine/Binaries/Win64/../../../Engine/Shaders/DistanceFieldSpecularOcclusion.usf" 369
"C:/Program Files (x86)/Epic Games/4.12/Engine/Binaries/Win64/../../../Engine/Shaders/DistanceFieldShadowing.usf" 370
"C:/Program Files (x86)/Epic Games/4.12/Engine/Binaries/Win64/../../../Engine/Shaders/DistanceFieldScreenGridLighting.usf" 371
"C:/Program Files (x86)/Epic Games/4.12/Engine/Binaries/Win64/../../../Engine/Shaders/DistanceFieldLightingPost.usf" 372
"C:/Program Files (x86)/Epic Games/4.12/Engine/Binaries/Win64/../../../Engine/Shaders/DistanceFieldGlobalIllumination.usf" 373
"C:/Program Files (x86)/Epic Games/4.12/Engine/Binaries/Win64/../../../Engine/Shaders/DepthOnlyPixelShader.usf" 374
"C:/Program Files (x86)/Epic Games/4.12/Engine/Binaries/Win64/../../../Engine/Shaders/DepthOnlyVertexShader.usf" 375
"C:/Program Files (x86)/Epic Games/4.12/Engine/Binaries/Win64/../../../Engine/Shaders/PositionOnlyDepthVertexShader.usf" 376
"C:/Program Files (x86)/Epic Games/4.12/Engine/Binaries/Win64/../../../Engine/Shaders/DownsampleDepthPixelShader.usf" 377
"C:/Program Files (x86)/Epic Games/4.12/Engine/Binaries/Win64/../../../Engine/Shaders/DitheredTransitionStencil.usf" 378
"C:/Program Files (x86)/Epic Games/4.12/Engine/Binaries/Win64/../../../Engine/Shaders/DeferredDecal.usf" 379
"C:/Program Files (x86)/Epic Games/4.12/Engine/Binaries/Win64/../../../Engine/Shaders/MissingShaderPixelShader.usf" 380
"C:/Program Files (x86)/Epic Games/4.12/Engine/Binaries/Win64/../../../Engine/Shaders/DebugviewModeVertexShader.usf" 381
"C:/Program Files (x86)/Epic Games/4.12/Engine/Binaries/Win64/../../../Engine/Shaders/EvaluateSurfelMaterial.usf" 382
"C:/Program Files (x86)/Epic Games/4.12/Engine/Binaries/Win64/../../../Engine/Shaders/ConvertToUniformMesh.usf" 383
"C:/Program Files (x86)/Epic Games/4.12/Engine/Binaries/Win64/../../../Engine/Shaders/PostProcessLpvIndirect.usf" 384
"C:/Program Files (x86)/Epic Games/4.12/Engine/Binaries/Win64/../../../Engine/Shaders/LPVFinalPass.usf" 385
"C:/Program Files (x86)/Epic Games/4.12/Engine/Binaries/Win64/../../../Engine/Shaders/PostProcessAmbientOcclusion.usf" 386
"C:/Program Files (x86)/Epic Games/4.12/Engine/Binaries/Win64/../../../Engine/Shaders/PostProcessAmbient.usf" 387
"C:/Program Files (x86)/Epic Games/4.12/Engine/Binaries/Win64/../../../Engine/Shaders/CapsuleShadowShaders.usf" 388
"C:/Program Files (x86)/Epic Games/4.12/Engine/Binaries/Win64/../../../Engine/Shaders/BasePassPixelShader.usf" 389
"C:/Program Files (x86)/Epic Games/4.12/Engine/Binaries/Win64/../../../Engine/Shaders/BasePassCommon.usf" 390
"C:/Program Files (x86)/Epic Games/4.12/Engine/Binaries/Win64/../../../Engine/Shaders/ForEachLight.usf" 391
"C:/Program Files (x86)/Epic Games/4.12/Engine/Binaries/Win64/../../../Engine/Shaders/BasePassVertexShader.usf" 392
"C:/Program Files (x86)/Epic Games/4.12/Engine/Binaries/Win64/../../../Engine/Shaders/BasePassVertexCommon.usf" 393
"C:/Program Files (x86)/Epic Games/4.12/Engine/Binaries/Win64/../../../Engine/Shaders/BasePassTessellationShaders.usf" 394
"C:/Program Files (x86)/Epic Games/4.12/Engine/Binaries/Win64/../../../Engine/Shaders/AtmospherePrecomputeInscatter.usf" 395
"C:/Program Files (x86)/Epic Games/4.12/Engine/Binaries/Win64/../../../Engine/Shaders/AtmospherePrecomputeCommon.usf" 396
"C:/Program Files (x86)/Epic Games/4.12/Engine/Binaries/Win64/../../../Engine/Shaders/AtmospherePrecompute.usf" 397
"C:/Program Files (x86)/Epic Games/4.12/Engine/Binaries/Win64/../../../Engine/Shaders/AtmosphericFogShader.usf" 398
"C:/Program Files (x86)/Epic Games/4.12/Engine/Binaries/Win64/../../../Engine/Shaders/ResolveVertexShader.usf" 399
"C:/Program Files (x86)/Epic Games/4.12/Engine/Binaries/Win64/../../../Engine/Shaders/ResolvePixelShader.usf" 400
"C:/Program Files (x86)/Epic Games/4.12/Engine/Binaries/Win64/../../../Engine/Shaders/OneColorShader.usf" 401
"C:/Program Files (x86)/Epic Games/4.12/Engine/Binaries/Win64/../../../Engine/Shaders/MediaShaders.usf" 402
"C:/Program Files (x86)/Epic Games/4.12/Engine/Binaries/Win64/../../../Engine/Shaders/ClearReplacementShaders.usf" 403
"C:/Program Files (x86)/Epic Games/4.12/Engine/Binaries/Win64/../../../Engine/Shaders/SimpleElementTexture2DPreviewPixelShader.usf" 404
"C:/Program Files (x86)/Epic Games/4.12/Engine/Binaries/Win64/../../../Engine/Shaders/SimpleElementNormalMapPixelShader.usf" 405
"C:/Program Files (x86)/Epic Games/4.12/Engine/Binaries/Win64/../../../Engine/Shaders/meshpaintdilatepixelshader.usf" 406
"C:/Program Files (x86)/Epic Games/4.12/Engine/Binaries/Win64/../../../Engine/Shaders/meshpaintdilatevertexshader.usf" 407
"C:/Program Files (x86)/Epic Games/4.12/Engine/Binaries/Win64/../../../Engine/Shaders/MeshPaintPixelShader.usf" 408
"C:/Program Files (x86)/Epic Games/4.12/Engine/Binaries/Win64/../../../Engine/Shaders/MeshPaintVertexShader.usf" 409
"C:/Users/alumne/AppData/Local/UnrealEngine/4.12/DerivedDataCache/Boot.ddc" 410
"../../../Engine/DerivedDataCache/Compressed.ddp" 411
"../../../Engine/Content/EditorResources/S_Actor.uasset" 412
"../../../Engine/Config/Android/AndroidEngine.ini" 413
"../../../Engine/Config/IOS/IOSEngine.ini" 414
"../../../Engine/Config/Linux/LinuxEngine.ini" 415
"C:/Users/alumne/Documents/GitHub/HeroesOfTime/BowAndArrow/Saved/Config/Windows/GameplayTags.ini" 416
"../../../../../../Users/alumne/Documents/GitHub/HeroesOfTime/BowAndArrow/Intermediate/Config/CoalescedSourceConfigs/GameplayTags.ini" 417
"../../../Engine/Content/EngineResources/AICON-Red.uasset" 418
"../../../Engine/Content/EngineResources/AICON-Green.uasset" 419
"C:/Users/alumne/Documents/GitHub/HeroesOfTime/BowAndArrow/Saved/Config/Windows/TemplateDefs.ini" 420
"../../../../../../Users/alumne/Documents/GitHub/HeroesOfTime/BowAndArrow/Intermediate/Config/CoalescedSourceConfigs/TemplateDefs.ini" 421
"../../../Engine/Content/EngineFonts/Roboto.uasset" 422
"../../../Engine/Content/EngineMaterials/Widget3DPassThrough_Translucent.uasset" 423
"../../../Engine/Content/EngineMaterials/Widget3DPassThrough.uasset" 424
"../../../Engine/Content/Functions/Engine_MaterialFunctions01/Texturing/ScaleUVsByCenter.uasset" 425
"../../../Engine/Content/Functions/Engine_MaterialFunctions02/Utility/BreakOutFloat2Components.uasset" 426
"../../../Engine/Content/Functions/Engine_MaterialFunctions02/ScreenResolution.uasset" 427
"../../../Engine/Content/Functions/Engine_MaterialFunctions02/Texturing/ScreenAlignedUVs.uasset" 428
"../../../Engine/Content/EngineResources/WhiteSquareTexture.uasset" 429
"../../../Engine/Content/Functions/Engine_MaterialFunctions01/Shading/PowerToRoughness.uasset" 430
"../../../Engine/Content/Functions/Engine_MaterialFunctions01/Shading/ConvertFromDiffSpec.uasset" 431
"../../../Engine/Content/EngineMaterials/WorldGridMaterial.uasset" 432
"../../../Engine/Content/Functions/Engine_MaterialFunctions01/Opacity/CameraDepthFade.uasset" 433
"../../../Engine/Content/EngineMaterials/T_Default_Material_Grid_M.uasset" 434
"../../../Engine/Content/EngineMaterials/T_Default_Material_Grid_N.uasset" 435
"../../../Engine/Content/EngineMaterials/DefaultDeferredDecalMaterial.uasset" 436
"../../../Engine/Content/EngineMaterials/DefaultDiffuse.uasset" 437
"../../../Engine/Content/EngineMaterials/DefaultLightFunctionMaterial.uasset" 438
"../../../Engine/Content/EngineMaterials/DefaultPostProcessMaterial.uasset" 439
"../../../Engine/Content/EngineResources/DefaultTexture.uasset" 440
"../../../Engine/Content/EngineMaterials/Widget3DPassThrough_Translucent_OneSided.uasset" 441
"../../../Engine/Content/EngineMaterials/Widget3DPassThrough_Opaque.uasset" 442
"../../../Engine/Content/EngineMaterials/Widget3DPassThrough_Opaque_OneSided.uasset" 443
"../../../Engine/Content/EngineMaterials/Widget3DPassThrough_Masked.uasset" 444
"../../../Engine/Content/EngineMaterials/Widget3DPassThrough_Masked_OneSided.uasset" 445
"../../../Engine/Content/Maps/Templates/Thumbnails/Default.uasset" 446
"../../../Engine/Content/Maps/Templates/Thumbnails/VR-Basic.uasset" 447
"../../../Engine/Content/EditorMaterials/ParticleSystems/PSysThumbnail_NoImage.uasset" 448
"../../../Engine/Content/EditorMaterials/ParticleSystems/PSysThumbnail_OOD.uasset" 449
"../../../Engine/Content/EditorLandscapeResources/DataLayer.uasset" 450
"../../../Engine/Content/EngineDamageTypes/DmgTypeBP_Environmental.uasset" 451
"..\..\..\Engine\Content\Internationalization\icudt53l\numberingSystems.res" 452
"..\..\..\Engine\Content\Internationalization\icudt53l\curr\supplementalData.res" 453
"..\..\..\Engine\Content\Internationalization\icudt53l\curr\pool.res" 454
"..\..\..\Engine\Content\Internationalization\icudt53l\curr\en.res" 455
"..\..\..\Engine\Content\Internationalization\icudt53l\curr\root.res" 456
"../../../Engine/Content/EngineMeshes/Sphere.uasset" 457
"../../../Engine/Content/EngineFonts/RobotoDistanceField.uasset" 458
"../../../Engine/Content/EngineMaterials/DefaultTextMaterialOpaque.uasset" 459
"../../../Engine/Content/EditorResources/S_Trigger.uasset" 460
"../../../Engine/Content/EngineResources/GradientTexture0.uasset" 461
"../../../Engine/Content/EngineResources/Black.uasset" 462
"../../../Engine/Content/EditorMaterials/MatineeGroups/MAT_Groups_Float.uasset" 463
"../../../Engine/Content/EditorMaterials/MatineeGroups/MAT_Groups_Director.uasset" 464
"../../../Engine/Content/EditorMaterials/MatineeGroups/MAT_Groups_Event.uasset" 465
"../../../Engine/Content/EditorMaterials/MatineeGroups/MAT_Groups_Anim.uasset" 466
"../../../Engine/Content/EditorMaterials/MatineeGroups/MAT_Groups_Fade.uasset" 467
"../../../Engine/Content/EditorMaterials/MatineeGroups/MAT_Groups_Move.uasset" 468
"../../../Engine/Content/EditorMaterials/MatineeGroups/MAT_Groups_Slomo.uasset" 469
"../../../Engine/Content/EditorMaterials/MatineeGroups/MAT_ColorTrack.uasset" 470
"../../../Engine/Content/EditorMaterials/MAT_Groups_Toggle.uasset" 471
"../../../Engine/Content/EditorMaterials/MatineeGroups/MAT_Groups_AudioMaster.uasset" 472
"../../../Engine/Content/EditorMaterials/MatineeGroups/MAT_Groups_Sound.uasset" 473
"../../../Engine/Content/EditorMaterials/MatineeGroups/MAT_Groups_Vector.uasset" 474
"../../../Engine/Content/EditorMaterials/MAT_Groups_Visibility.uasset" 475
"../../../Engine/Content/EngineResources/DefaultTextureCube.uasset" 476
"../../../Engine/Content/EngineSounds/Master.uasset" 477
"../../../Engine/Content/EngineSounds/Music.uasset" 478
"../../../Engine/Content/EngineSounds/SFX.uasset" 479
"../../../Engine/Content/EngineSounds/Normal_Attack.uasset" 480
"../../../Engine/Content/EngineSounds/Special_Attack_PSM.uasset" 481
"../../../Engine/Content/EngineSounds/Duck_Normal_Attack_MixMod.uasset" 482
"../../../Engine/Content/EngineSounds/Voice.uasset" 483
"../../../Engine/Content/EngineMeshes/Cylinder.uasset" 484
"../../../Engine/Content/EngineMaterials/DefaultMaterial.uasset" 485
"../../../Engine/Content/EngineTireTypes/DefaultTireType.uasset" 486
"../../../../../../Users/alumne/Documents/GitHub/HeroesOfTime/BowAndArrow/Intermediate/AssetRegistryCache/5a627529.bin" 487
"../../../../../../Users/alumne/Documents/GitHub/HeroesOfTime/BowAndArrow/Intermediate/AssetRegistryCache/2657c409.bin" 488
"../../../../../../Users/alumne/Documents/GitHub/HeroesOfTime/BowAndArrow/Intermediate/AssetRegistryCache/1d5167fa.bin" 489
"../../../../../../Users/alumne/Documents/GitHub/HeroesOfTime/BowAndArrow/Intermediate/AssetRegistryCache/866581fd.bin" 490
"../../../../../../Users/alumne/Documents/GitHub/HeroesOfTime/BowAndArrow/Intermediate/AssetRegistryCache/94c5d5a7.bin" 491
"../../../../../../Users/alumne/Documents/GitHub/HeroesOfTime/BowAndArrow/Intermediate/AssetRegistryCache/8c0e1344.bin" 492
"../../../Engine/Content/Editor/Slate/Fonts/FontAwesome.ttf" 493
"../../../Engine/Content/Editor/Slate/Fonts/DroidSansMono.ttf" 494
"../../../Engine/Content/Editor/Slate/Fonts/Roboto-BoldCondensed.ttf" 495
"../../../Engine/Content/Editor/Slate/Fonts/Roboto-Black.ttf" 496
"../../../Engine/Content/Editor/Slate/Fonts/Roboto-Italic.ttf" 497
"../../../Engine/Content/Editor/Slate/Fonts/Roboto-BoldCondensedItalic.ttf" 498
"../../../Engine/Content/EditorMeshes/Camera/SM_CraneRig_Base.uasset" 499
"../../../Engine/Content/EditorMaterials/Camera/MI_CineMat_Rig.uasset" 500
"../../../Engine/Content/EditorMaterials/Camera/CineMat.uasset" 501
"../../../Engine/Content/EditorMeshes/Camera/SM_CraneRig_Arm.uasset" 502
"../../../Engine/Content/EditorMeshes/Camera/SM_CraneRig_Mount.uasset" 503
"../../../Engine/Content/EditorMeshes/Camera/SM_CraneRig_Body.uasset" 504
"../../../Engine/Content/EditorMeshes/Camera/SM_RailRig_Track.uasset" 505
"../../../Engine/Content/EditorMeshes/Camera/SM_RailRig_Mount.uasset" 506
"..\..\..\Engine\Content\Internationalization\icudt53l\coll\ucadata.icu" 507
"..\..\..\Engine\Content\Internationalization\icudt53l\nfc.nrm" 508
"..\..\..\Engine\Content\Internationalization\icudt53l\coll\en_US.res" 509
"..\..\..\Engine\Content\Internationalization\icudt53l\coll\en.res" 510
"..\..\..\Engine\Content\Internationalization\icudt53l\coll\root.res" 511
"../../../Engine/Content/VREditor/TransformGizmo/TransformGizmoMaterial.uasset" 512
"../../../Engine/Content/VREditor/LaserPointer/VR_LaserPower_01.uasset" 513
"../../../Engine/Content/VREditor/TransformGizmo/TranslucentTransformGizmoMaterial.uasset" 514
"../../../Engine/Content/VREditor/TransformGizmo/TranslationHandle.uasset" 515
"../../../Engine/Content/VREditor/TransformGizmo/PlaneTranslationHandle.uasset" 516
"../../../Engine/Content/VREditor/TransformGizmo/RotationHandle.uasset" 517
"../../../Engine/Content/VREditor/TransformGizmo/StretchingHandle.uasset" 518
"../../../Engine/Content/VREditor/TransformGizmo/BoundingBoxCorner.uasset" 519
"../../../Engine/Content/VREditor/TransformGizmo/BoundingBoxEdge.uasset" 520
"../../../Engine/Content/VREditor/TransformGizmo/UniformScaleHandle.uasset" 521
"../../../Engine/Content/VREditor/Fonts/VRTextMaterial.uasset" 522
"../../../Engine/Content/VREditor/Fonts/VRText_RobotoLarge.uasset" 523
"../../../Engine/Content/VREditor/FloatingText/LineSegmentCylinder.uasset" 524
"../../../Engine/Content/VREditor/FloatingText/LineMaterial.uasset" 525
"../../../Engine/Content/VREditor/FloatingText/JointSphere.uasset" 526
"../../../Engine/Content/VREditor/Fonts/TranslucentVRTextMaterial.uasset" 527
"../../../Engine/Content/VREditor/UI/SM_ContentWindow_01.uasset" 528
"../../../Engine/Content/VREditor/UI/M_ContentWindow.uasset" 529
"../../../Engine/Content/VREditor/Devices/Vive/UE4_Logo.uasset" 530
"../../../Engine/Content/VREditor/UI/SelectionBarMesh.uasset" 531
"../../../Engine/Content/VREditor/UI/CloseButtonMesh.uasset" 532
"../../../Engine/Content/Tutorial/Basics/LevelEditorAttract.uasset" 533
"../../../Engine/Content/Tutorial/BlueprintTutorials/BlueprintEditorTutorial.uasset" 534
"../../../Engine/Content/Tutorial/BlueprintTutorials/TutorialAssets/Blueprint_64x.uasset" 535
"../../../Engine/Content/Tutorial/ContentIntroCurve.uasset" 536
"../../../Engine/Plugins/2D/Paper2D/Content/MaskedUnlitSpriteMaterial.uasset" 537
"../../../Engine/Plugins/2D/Paper2D/Content/DefaultSpriteMaterial.uasset" 538
"../../../Engine/Plugins/2D/Paper2D/Content/DummySpriteTexture.uasset" 539
"../../../Engine/Plugins/2D/Paper2D/Content/PlaceholderTextures/DummySpriteTexture.uasset" 540
"../../../Engine/Plugins/2D/Paper2D/Content/OpaqueUnlitSpriteMaterial.uasset" 541
"../../../Engine/Plugins/2D/Paper2D/Content/DefaultPaperTerrainMaterial.uasset" 542
"../../../Engine/Plugins/2D/Paper2D/Content/DummySprite.uasset" 543
"C:/Users/alumne/AppData/Local/UnrealEngine/4.12/Saved/Config/Windows/SourceControlSettings.ini" 544
"../../../../../../Users/alumne/Documents/GitHub/HeroesOfTime/BowAndArrow/Intermediate/Config/CoalescedSourceConfigs/SourceControlSettings.ini" 545
"C:/Users/alumne/Documents/GitHub/HeroesOfTime/BowAndArrow/Saved/Config/Windows/SourceControlSettings.ini" 546
"../../../Engine/Content/EngineMaterials/RemoveSurfaceMaterial.uasset" 547
"../../../Engine/Content/EngineDebugMaterials/DebugMeshMaterial.uasset" 548
"../../../Engine/Content/EngineMaterials/M_InvalidLightmapSettings.uasset" 549
"../../../Engine/Content/EngineMaterials/InvalidLightmapSettings.uasset" 550
"../../../Engine/Content/EditorMaterials/GizmoMaterial.uasset" 551
"../../../Engine/Content/EngineMaterials/Good64x64TilingNoiseHighFreq.uasset" 552
"../../../Engine/Content/EngineMaterials/DefaultBokeh.uasset" 553
"../../../Engine/Content/EngineMaterials/PreintegratedSkinBRDF.uasset" 554
"../../../Engine/Content/EngineMaterials/MiniFont.uasset" 555
"../../../Engine/Content/EngineMaterials/WeightMapPlaceholderTexture.uasset" 556
"../../../Engine/Content/EngineMaterials/DefaultWhiteGrid.uasset" 557
"../../../Engine/Content/EngineMaterials/DefaultPhysicalMaterial.uasset" 558
"../../../Engine/Content/EngineFonts/RobotoTiny.uasset" 559
"C:/Users/alumne/Documents/GitHub/HeroesOfTime/BowAndArrow/Saved/Config/Windows/InternationalizationExport.ini" 560
"../../../../../../Users/alumne/Documents/GitHub/HeroesOfTime/BowAndArrow/Intermediate/Config/CoalescedSourceConfigs/InternationalizationExport.ini" 561
"C:/Users/alumne/Documents/GitHub/HeroesOfTime/BowAndArrow/Saved/Config/Windows/TranslationPickerSettings.ini" 562
"../../../../../../Users/alumne/Documents/GitHub/HeroesOfTime/BowAndArrow/Intermediate/Config/CoalescedSourceConfigs/TranslationPickerSettings.ini" 563
"../../../Engine/Content/EditorSounds/Notifications/CompileStart_Cue.uasset" 564
"../../../Engine/Content/EditorSounds/Notifications/CompileSuccess.uasset" 565
"../../../Engine/Content/EditorSounds/Notifications/CompileSuccess_Cue.uasset" 566
"../../../Engine/Content/EditorSounds/Notifications/CompileFailed_Cue.uasset" 567
"../../../Engine/Content/EditorSounds/Notifications/CompileFailed.uasset" 568
"../../../Engine/Content/BasicShapes/Cube.uasset" 569
"../../../Engine/Content/BasicShapes/Sphere.uasset" 570
"../../../Engine/Content/BasicShapes/Cylinder.uasset" 571
"../../../Engine/Content/BasicShapes/Cone.uasset" 572
"../../../../../../Users/alumne/Documents/GitHub/HeroesOfTime/BowAndArrow/Intermediate/CachedAssetRegistry.bin" 573
"../../../../../../Users/alumne/Documents/GitHub/HeroesOfTime/BowAndArrow/Content/Blueprints/Weapons/Bow.uasset" 574
"../../../../../../Users/alumne/Documents/GitHub/HeroesOfTime/BowAndArrow/Saved/Autosaves/Game/Maps/UEDPCMenu.umap" 575
