"../../../Engine/Content/EditorResources/S_Actor.uasset" 0
"../../../Engine/Content/EngineResources/AICON-Red.uasset" 1
"../../../Engine/Content/EngineResources/AICON-Green.uasset" 2
"../../../Engine/Content/EngineFonts/Roboto.uasset" 3
"../../../Engine/Content/Functions/Engine_MaterialFunctions01/Shading/PowerToRoughness.uasset" 4
"../../../Engine/Content/Functions/Engine_MaterialFunctions01/Shading/ConvertFromDiffSpec.uasset" 5
"../../../Engine/Content/EngineMaterials/DefaultDiffuse.uasset" 6
"../../../Engine/Content/EngineMaterials/DefaultDeferredDecalMaterial.uasset" 7
"../../../Engine/Content/EngineMaterials/DefaultLightFunctionMaterial.uasset" 8
"../../../Engine/Content/Functions/Engine_MaterialFunctions02/Utility/BreakOutFloat2Components.uasset" 9
"../../../Engine/Content/EngineMaterials/DefaultPostProcessMaterial.uasset" 10
"../../../Engine/Content/EngineResources/DefaultTexture.uasset" 11
"../../../Engine/Content/Functions/Engine_MaterialFunctions01/Texturing/ScaleUVsByCenter.uasset" 12
"../../../Engine/Content/Functions/Engine_MaterialFunctions02/ScreenResolution.uasset" 13
"../../../Engine/Content/Functions/Engine_MaterialFunctions02/Texturing/ScreenAlignedUVs.uasset" 14
"../../../Engine/Content/EngineResources/WhiteSquareTexture.uasset" 15
"../../../Engine/Content/EngineMaterials/Widget3DPassThrough.uasset" 16
"../../../Engine/Content/EngineMaterials/Widget3DPassThrough_Translucent.uasset" 17
"../../../Engine/Content/EngineMaterials/Widget3DPassThrough_Translucent_OneSided.uasset" 18
"../../../Engine/Content/EngineMaterials/Widget3DPassThrough_Opaque.uasset" 19
"../../../Engine/Content/EngineMaterials/Widget3DPassThrough_Opaque_OneSided.uasset" 20
"../../../Engine/Content/EngineMaterials/Widget3DPassThrough_Masked.uasset" 21
"../../../Engine/Content/EngineMaterials/Widget3DPassThrough_Masked_OneSided.uasset" 22
"../../../Engine/Content/Maps/Templates/Thumbnails/Default.uasset" 23
"../../../Engine/Content/Maps/Templates/Thumbnails/VR-Basic.uasset" 24
"../../../Engine/Content/EditorMaterials/ParticleSystems/PSysThumbnail_NoImage.uasset" 25
"../../../Engine/Content/EditorMaterials/ParticleSystems/PSysThumbnail_OOD.uasset" 26
"../../../Engine/Content/EditorLandscapeResources/DataLayer.uasset" 27
"../../../Engine/Content/EngineDamageTypes/DmgTypeBP_Environmental.uasset" 28
"../../../Engine/Content/EngineMeshes/Sphere.uasset" 29
"../../../Engine/Content/EngineFonts/RobotoDistanceField.uasset" 30
"../../../Engine/Content/EngineMaterials/DefaultTextMaterialOpaque.uasset" 31
"../../../Engine/Content/EditorResources/S_Trigger.uasset" 32
"../../../Engine/Content/EngineResources/GradientTexture0.uasset" 33
"../../../Engine/Content/EngineResources/Black.uasset" 34
"../../../Engine/Content/EditorMaterials/MatineeGroups/MAT_Groups_Float.uasset" 35
"../../../Engine/Content/EditorMaterials/MatineeGroups/MAT_Groups_Director.uasset" 36
"../../../Engine/Content/EditorMaterials/MatineeGroups/MAT_Groups_Event.uasset" 37
"../../../Engine/Content/EditorMaterials/MatineeGroups/MAT_Groups_Anim.uasset" 38
"../../../Engine/Content/EditorMaterials/MatineeGroups/MAT_Groups_Fade.uasset" 39
"../../../Engine/Content/EditorMaterials/MatineeGroups/MAT_Groups_Move.uasset" 40
"../../../Engine/Content/EditorMaterials/MatineeGroups/MAT_Groups_Slomo.uasset" 41
"../../../Engine/Content/EditorMaterials/MatineeGroups/MAT_ColorTrack.uasset" 42
"../../../Engine/Content/EditorMaterials/MAT_Groups_Toggle.uasset" 43
"../../../Engine/Content/EditorMaterials/MatineeGroups/MAT_Groups_AudioMaster.uasset" 44
"../../../Engine/Content/EditorMaterials/MatineeGroups/MAT_Groups_Sound.uasset" 45
"../../../Engine/Content/EditorMaterials/MatineeGroups/MAT_Groups_Vector.uasset" 46
"../../../Engine/Content/EditorMaterials/MAT_Groups_Visibility.uasset" 47
"../../../Engine/Content/EngineResources/DefaultTextureCube.uasset" 48
"../../../Engine/Content/Functions/Engine_MaterialFunctions01/Opacity/CameraDepthFade.uasset" 49
"../../../Engine/Content/EngineMaterials/T_Default_Material_Grid_M.uasset" 50
"../../../Engine/Content/EngineMaterials/T_Default_Material_Grid_N.uasset" 51
"../../../Engine/Content/EngineMaterials/DefaultMaterial.uasset" 52
"../../../Engine/Content/EngineMeshes/Cylinder.uasset" 53
"../../../Engine/Content/EngineTireTypes/DefaultTireType.uasset" 54
"../../../Engine/Content/EditorMaterials/Camera/CineMat.uasset" 55
"../../../Engine/Content/EditorMaterials/Camera/MI_CineMat_Rig.uasset" 56
"../../../Engine/Content/EditorMeshes/Camera/SM_CraneRig_Base.uasset" 57
"../../../Engine/Content/EditorMeshes/Camera/SM_CraneRig_Arm.uasset" 58
"../../../Engine/Content/EditorMeshes/Camera/SM_CraneRig_Mount.uasset" 59
"../../../Engine/Content/EditorMeshes/Camera/SM_CraneRig_Body.uasset" 60
"../../../Engine/Content/EditorMeshes/Camera/SM_RailRig_Track.uasset" 61
"../../../Engine/Content/EditorMeshes/Camera/SM_RailRig_Mount.uasset" 62
"../../../Engine/Content/VREditor/LaserPointer/VR_LaserPower_01.uasset" 63
"../../../Engine/Content/VREditor/TransformGizmo/TransformGizmoMaterial.uasset" 64
"../../../Engine/Content/VREditor/TransformGizmo/TranslucentTransformGizmoMaterial.uasset" 65
"../../../Engine/Content/VREditor/TransformGizmo/TranslationHandle.uasset" 66
"../../../Engine/Content/VREditor/TransformGizmo/PlaneTranslationHandle.uasset" 67
"../../../Engine/Content/VREditor/TransformGizmo/RotationHandle.uasset" 68
"../../../Engine/Content/VREditor/TransformGizmo/StretchingHandle.uasset" 69
"../../../Engine/Content/VREditor/TransformGizmo/BoundingBoxCorner.uasset" 70
"../../../Engine/Content/VREditor/TransformGizmo/BoundingBoxEdge.uasset" 71
"../../../Engine/Content/VREditor/TransformGizmo/UniformScaleHandle.uasset" 72
"../../../Engine/Content/VREditor/FloatingText/LineMaterial.uasset" 73
"../../../Engine/Content/VREditor/FloatingText/LineSegmentCylinder.uasset" 74
"../../../Engine/Content/VREditor/FloatingText/JointSphere.uasset" 75
"../../../Engine/Content/VREditor/Fonts/VRText_RobotoLarge.uasset" 76
"../../../Engine/Content/VREditor/Fonts/VRTextMaterial.uasset" 77
"../../../Engine/Content/VREditor/Fonts/TranslucentVRTextMaterial.uasset" 78
"../../../Engine/Content/VREditor/UI/SelectionBarMesh.uasset" 79
"../../../Engine/Content/VREditor/UI/CloseButtonMesh.uasset" 80
"../../../Engine/Content/Tutorial/BlueprintTutorials/TutorialAssets/Blueprint_64x.uasset" 81
"../../../Engine/Content/Tutorial/ContentIntroCurve.uasset" 82
"../../../Engine/Plugins/2D/Paper2D/Content/PlaceholderTextures/DummySpriteTexture.uasset" 83
"../../../Engine/Plugins/2D/Paper2D/Content/DefaultSpriteMaterial.uasset" 84
"../../../Engine/Plugins/2D/Paper2D/Content/MaskedUnlitSpriteMaterial.uasset" 85
"../../../Engine/Plugins/2D/Paper2D/Content/OpaqueUnlitSpriteMaterial.uasset" 86
"../../../Engine/Plugins/2D/Paper2D/Content/DummySprite.uasset" 87
"../../../Engine/Plugins/2D/Paper2D/Content/DefaultPaperTerrainMaterial.uasset" 88
"../../../Engine/Content/EngineMaterials/RemoveSurfaceMaterial.uasset" 89
"../../../Engine/Content/EngineDebugMaterials/DebugMeshMaterial.uasset" 90
"../../../Engine/Content/EngineMaterials/InvalidLightmapSettings.uasset" 91
"../../../Engine/Content/EngineMaterials/M_InvalidLightmapSettings.uasset" 92
"../../../Engine/Content/EditorMaterials/GizmoMaterial.uasset" 93
"../../../Engine/Content/EngineMaterials/Good64x64TilingNoiseHighFreq.uasset" 94
"../../../Engine/Content/EngineMaterials/DefaultBokeh.uasset" 95
"../../../Engine/Content/EngineMaterials/PreintegratedSkinBRDF.uasset" 96
"../../../Engine/Content/EngineMaterials/MiniFont.uasset" 97
"../../../Engine/Content/EngineMaterials/WeightMapPlaceholderTexture.uasset" 98
"../../../Engine/Content/EngineMaterials/DefaultWhiteGrid.uasset" 99
"../../../Engine/Content/EngineMaterials/DefaultPhysicalMaterial.uasset" 100
"../../../Engine/Content/EngineFonts/RobotoTiny.uasset" 101
"../../../Engine/Content/EditorSounds/Notifications/CompileSuccess.uasset" 102
"../../../Engine/Content/EditorSounds/Notifications/CompileStart_Cue.uasset" 103
"../../../Engine/Content/EditorSounds/Notifications/CompileSuccess_Cue.uasset" 104
"../../../Engine/Content/EditorSounds/Notifications/CompileFailed.uasset" 105
"../../../Engine/Content/EditorSounds/Notifications/CompileFailed_Cue.uasset" 106
"../../../Engine/Content/MobileResources/HUD/MobileHUDButton2_on.uasset" 107
"../../../Engine/Content/MobileResources/HUD/MobileHUDDirectionPad2.uasset" 108
"../../../Engine/Content/MobileResources/HUD/MobileHUDDirectionPad.uasset" 109
"../../../Engine/Content/MobileResources/T_MobileMenu2.uasset" 110
"../../../Engine/Content/MobileResources/HUD/MobileHUDDirectionPad3.uasset" 111
"../../../Engine/Content/EditorBlueprintResources/StandardMacros.uasset" 112
"../../../BowAndArrow/Content/Blueprints/Enums/LeftRight.uasset" 113
"../../../BowAndArrow/Content/Blueprints/Interfaces/PlayerInteractionInterface.uasset" 114
"../../../Engine/Content/Functions/Engine_MaterialFunctions02/Utility/BreakOutFloat3Components.uasset" 115
"../../../Engine/Content/VREditor/Devices/Vive/T_VivePreController_EM.uasset" 116
"../../../Engine/Content/VREditor/Devices/Vive/VivePreController_MasksA.uasset" 117
"../../../Engine/Content/VREditor/Devices/Vive/VivePreController_MasksB.uasset" 118
"../../../Engine/Content/VREditor/Devices/Vive/VivePreControllerDiffuse.uasset" 119
"../../../Engine/Content/VREditor/Devices/Vive/VivePreControllerSpec.uasset" 120
"../../../Engine/Content/VREditor/UI/VRButtonBackground.uasset" 121
"../../../Engine/Content/VREditor/Devices/Vive/VivePreControllerMaterial.uasset" 122
"../../../Engine/Content/VREditor/Devices/Vive/VivePreControllerMaterial_Inst.uasset" 123
"../../../Engine/Content/VREditor/Devices/Vive/VivePreControllerMesh.uasset" 124
"../../../BowAndArrow/Content/Blueprints/Character/Hands/BP_LeftHand.uasset" 125
"../../../BowAndArrow/Content/Blueprints/Character/Hands/BP_RightHand.uasset" 126
"../../../BowAndArrow/Content/Blueprints/Character/SharpShooter_Pawn.uasset" 127
"../../../BowAndArrow/Content/Blueprints/GameMode/SharpShooterGM.uasset" 128
"../../../Engine/Content/MobileResources/HUD/MobileHUDButton2_off.uasset" 129
"../../../Engine/Content/MobileResources/HUD/MobileHUDButtonFire.uasset" 130
"../../../Engine/Content/MobileResources/HUD/MobileHUDDirectionStick.uasset" 131
"../../../Engine/Content/MobileResources/HUD/MobileHUDButton1_off.uasset" 132
"../../../Engine/Content/MobileResources/HUD/MobileHUDButton3.uasset" 133
"../../../Engine/Content/MobileResources/HUD/T_Castle_ThumbstickInner.uasset" 134
"../../../Engine/Content/MobileResources/HUD/MobileHUDButton1_on.uasset" 135
"../../../Engine/Content/MobileResources/HUD/T_Castle_ThumbstickOutter.uasset" 136
"../../../BowAndArrow/Content/esqueleto/esqueleto__1__Skeleton.uasset" 137
"../../../BowAndArrow/Content/esqueleto/animations/salsa_dancing_mixamo_com.uasset" 138
"../../../BowAndArrow/Content/esqueleto/animations/standing_up_mixamo_com.uasset" 139
"../../../BowAndArrow/Content/esqueleto/animations/stumble_backwards_mixamo_com.uasset" 140
"../../../BowAndArrow/Content/esqueleto/animations/uppercut_mixamo_com.uasset" 141
"../../../BowAndArrow/Content/esqueleto/animations/walking_mixamo_com.uasset" 142
"../../../BowAndArrow/Content/esqueleto/animations/warming_up_mixamo_com.uasset" 143
"../../../BowAndArrow/Content/esqueleto/animations/zombie_run_mixamo_com.uasset" 144
"../../../Engine/Content/MobileResources/T_MobileControls_texture.uasset" 145
"../../../BowAndArrow/Content/esqueleto/animations/chapa_2_mixamo_com.uasset" 146
"../../../BowAndArrow/Content/esqueleto/animations/dizzy_idle_mixamo_com.uasset" 147
"../../../BowAndArrow/Content/esqueleto/animations/dying_backwards_mixamo_com.uasset" 148
"../../../BowAndArrow/Content/esqueleto/animations/entry_mixamo_com.uasset" 149
"../../../BowAndArrow/Content/esqueleto/animations/happy_idle_mixamo_com.uasset" 150
"../../../BowAndArrow/Content/esqueleto/animations/illegal_knee_mixamo_com.uasset" 151
"../../../BowAndArrow/Content/esqueleto/animations/looking_mixamo_com.uasset" 152
"../../../BowAndArrow/Content/esqueleto/animations/pointing_forward_mixamo_com.uasset" 153
"../../../Engine/Content/EditorResources/EmptyActor.uasset" 154
"../../../Engine/Content/MobileResources/HUD/AnalogHat.uasset" 155
"../../../Engine/Content/MobileResources/HUD/VirtualJoystick_Background.uasset" 156
"../../../Engine/Content/MobileResources/HUD/VirtualJoystick_Thumb.uasset" 157
"../../../Engine/Content/MobileResources/HUD/DefaultVirtualJoysticks.uasset" 158
"../../../Engine/Content/MobileResources/HUD/LeftVirtualJoystickOnly.uasset" 159
"../../../Engine/Content/BasicShapes/Cylinder.uasset" 160
"../../../Engine/Content/BasicShapes/Sphere.uasset" 161
"../../../Engine/Content/EditorMaterials/PhAT_JointLimitMaterial.uasset" 162
"../../../Engine/Content/EditorMaterials/PreviewShadowIndicator.uasset" 163
"../../../Engine/Content/EditorMaterials/PreviewShadowIndicatorMaterial.uasset" 164
"../../../Engine/Content/EditorMeshes/ColorCalibrator/M_ChromeBall.uasset" 165
"../../../Engine/Content/EditorMeshes/ColorCalibrator/M_ClearCoat.uasset" 166
"../../../Engine/Content/EditorMeshes/ColorCalibrator/M_ClearCoatBlack.uasset" 167
"../../../Engine/Content/EditorMeshes/ColorCalibrator/T_ColorGrid.uasset" 168
"../../../Engine/Content/EditorMeshes/ColorCalibrator/M_ColorGrid.uasset" 169
"../../../Engine/Content/EditorMeshes/ColorCalibrator/M_GreyBall.uasset" 170
"../../../Engine/Content/EditorMeshes/ColorCalibrator/SM_ColorCalibrator.uasset" 171
"../../../Engine/Content/EditorResources/BSPVertex.uasset" 172
"../../../Engine/Content/EngineDebugMaterials/HeatmapGradient.uasset" 173
"../../../Engine/Content/EngineDebugMaterials/BoneWeightMaterial.uasset" 174
"../../../Engine/Content/EngineDebugMaterials/GeomMaterial.uasset" 175
"../../../Engine/Content/EngineMaterials/EditorBrushMaterial.uasset" 176
"../../../Engine/Content/EngineMeshes/Cube.uasset" 177
"../../../Engine/Content/Tutorial/Basics/TutorialAssets/icon_tab_Levels_40x.uasset" 178
"../../../Engine/Content/Tutorial/BlueprintTutorials/TutorialAssets/BlueprintInterface_64x.uasset" 179
"../../../Engine/Content/Tutorial/BlueprintTutorials/TutorialAssets/BlueprintMacroLibrary_64x.uasset" 180
"../../../Engine/Content/Tutorial/BlueprintTutorials/TutorialAssets/Tutorial_BP_Interface.uasset" 181
"../../../Engine/Content/Tutorial/Foliage/TutorialAssets/Foliage.uasset" 182
"../../../Engine/Content/Tutorial/Landscape/TutorialAssets/Landscape.uasset" 183
"../../../Engine/Content/Tutorial/Paper2D/TutorialAssets/Paper2DFlipbook_TutorialIcon.uasset" 184
"../../../Engine/Content/Tutorial/Paper2D/TutorialAssets/Paper2DSprite_TutorialIcon.uasset" 185
"../../../Engine/Content/Tutorial/SubEditors/TutorialAssets/icon_Editor_Preferences_General_40x.uasset" 186
"../../../Engine/Content/Tutorial/SubEditors/TutorialAssets/icon_ShowSkeletalMeshes_40x.uasset" 187
"../../../Engine/Content/Tutorial/SubEditors/TutorialAssets/TutorialMaterial.uasset" 188
"../../../Engine/Content/Tutorial/SubEditors/TutorialAssets/T_SmokeSubUV_8X8.uasset" 189
"../../../Engine/Content/Tutorial/SubEditors/TutorialAssets/T_soft_smoke.uasset" 190
"../../../Engine/Content/Tutorial/SubEditors/TutorialAssets/M_smoke_subUV_blackbody.uasset" 191
"../../../Engine/Content/Tutorial/SubEditors/TutorialAssets/TutorialParticleSystem.uasset" 192
"../../../Engine/Content/EngineMaterials/WorldGridMaterial.uasset" 193
"../../../Engine/Content/EditorMeshes/EditorCube.uasset" 194
"../../../Engine/Content/Tutorial/SubEditors/TutorialAssets/Tutorial_DM.uasset" 195
"../../../BowAndArrow/Content/esqueleto/animations/climbing_mixamo_com.uasset" 196
"../../../BowAndArrow/Content/esqueleto/animations/climbing_up_wall_mixamo_com.uasset" 197
"../../../BowAndArrow/Content/esqueleto/animations/running_inPlace_mixamo_com.uasset" 198
"../../../BowAndArrow/Content/esqueleto/animations/zombie_punching__1__mixamo_com.uasset" 199
"../../../BowAndArrow/Content/Blueprints/Libraries/PhysicsMacros.uasset" 200
"../../../BowAndArrow/Content/Blueprints/ViveForces/Force_Left_FireArrow.uasset" 201
"../../../BowAndArrow/Content/Blueprints/ViveForces/Force_Right_0.uasset" 202
"../../../BowAndArrow/Content/Blueprints/ViveForces/Force_Right_0_1.uasset" 203
"../../../BowAndArrow/Content/Blueprints/ViveForces/Force_Right_0_10.uasset" 204
"../../../BowAndArrow/Content/Blueprints/ViveForces/Force_Right_0_2.uasset" 205
"../../../BowAndArrow/Content/Blueprints/ViveForces/Force_Right_0_3.uasset" 206
"../../../BowAndArrow/Content/Blueprints/ViveForces/Force_Right_0_4.uasset" 207
"../../../BowAndArrow/Content/Blueprints/ViveForces/Force_Right_0_5.uasset" 208
"../../../BowAndArrow/Content/Blueprints/ViveForces/Force_Right_0_6.uasset" 209
"../../../BowAndArrow/Content/Blueprints/ViveForces/Force_Right_0_7.uasset" 210
"../../../BowAndArrow/Content/Blueprints/ViveForces/Force_Right_0_8.uasset" 211
"../../../BowAndArrow/Content/Blueprints/ViveForces/Force_Right_0_9.uasset" 212
"../../../BowAndArrow/Content/Materials/MF_SelectionGlow.uasset" 213
"../../../BowAndArrow/Content/Materials/String.uasset" 214
"../../../Engine/Content/ArtTools/RenderToTexture/Meshes/S_1_Unit_Sphere.uasset" 215
"../../../Engine/Content/BasicShapes/Cone.uasset" 216
"../../../BowAndArrow/Content/Meshes/BowString.uasset" 217
"../../../BowAndArrow/Content/Blueprints/Weapons/Bow.uasset" 218
"../../../Engine/Content/ArtTools/RenderToTexture/Materials/Debug/M_Emissive_Color.uasset" 219
"../../../Engine/Content/ArtTools/RenderToTexture/Materials/Debug/M_Emissive_Color_127-127-0.uasset" 220
"../../../Engine/Content/Functions/Engine_MaterialFunctions02/SupportFiles/1x1x1_Box_Pivot_-XYZ.uasset" 221
"../../../BowAndArrow/Content/Blueprints/Weapons/Arrow.uasset" 222
"../../../BowAndArrow/Content/esqueleto/esqueletoBB.uasset" 223
"../../../BowAndArrow/Content/esqueleto/Tasks/escalado.uasset" 224
"../../../BowAndArrow/Content/esqueleto/esqueletoBT.uasset" 225
"../../../BowAndArrow/Content/esqueleto/esqueleto_AI_Controller.uasset" 226
"../../../BowAndArrow/Content/esqueleto/esqueleto__1__PhysicsAsset.uasset" 227
"../../../BowAndArrow/Content/esqueleto/esqueleto__1_.uasset" 228
"../../../BowAndArrow/Content/esqueleto/esqueletoBP.uasset" 229
"../../../Engine/Content/EngineSky/C_Sky_Cloud_Color.uasset" 230
"../../../Engine/Content/EngineSky/C_Sky_Horizon_Color.uasset" 231
"../../../Engine/Content/EngineSky/C_Sky_Zenith_Color.uasset" 232
"../../../Engine/Content/EngineSky/T_Sky_Blue.uasset" 233
"../../../Engine/Content/EngineSky/T_Sky_Clouds_M.uasset" 234
"../../../Engine/Content/EngineSky/T_Sky_Stars.uasset" 235
"../../../Engine/Content/EngineSky/M_Sky_Panning_Clouds2.uasset" 236
"../../../Engine/Content/EngineSky/SM_SkySphere.uasset" 237
"../../../Engine/Content/EngineSky/BP_Sky_Sphere.uasset" 238
"../../../Engine/Content/BasicShapes/BasicShapeMaterial.uasset" 239
"../../../Engine/Content/BasicShapes/Cube.uasset" 240
"../../../BowAndArrow/Content/Blueprints/Targets/Cube_Blueprint.uasset" 241
"../../../Engine/Content/MapTemplates/SM_Template_Map_Floor.uasset" 242
"../../../BowAndArrow/Content/Maps/Entry.umap" 243
"../../../Engine/Content/EngineMaterials/DefaultNormal.uasset" 244
"../../../Engine/Content/Maps/Entry.umap" 245
